0 info it worked if it ends with ok
1 verbose cli [ 'C:\\Program Files\\nodejs\\node.exe',
1 verbose cli   'C:\\Users\\Nathan Pickard\\AppData\\Roaming\\npm\\node_modules\\npm\\bin\\npm-cli.js',
1 verbose cli   'i',
1 verbose cli   'angular-ui-router@1.0.0-beta3',
1 verbose cli   '-S' ]
2 info using npm@4.1.1
3 info using node@v6.8.1
4 silly loadCurrentTree Starting
5 silly install loadCurrentTree
6 silly install readLocalPackageData
7 silly fetchPackageMetaData angular-ui-router@1.0.0-beta3
8 silly fetchNamedPackageData angular-ui-router
9 silly mapToRegistry name angular-ui-router
10 silly mapToRegistry using default registry
11 silly mapToRegistry registry https://registry.npmjs.org/
12 silly mapToRegistry data Result {
12 silly mapToRegistry   raw: 'angular-ui-router',
12 silly mapToRegistry   scope: null,
12 silly mapToRegistry   escapedName: 'angular-ui-router',
12 silly mapToRegistry   name: 'angular-ui-router',
12 silly mapToRegistry   rawSpec: '',
12 silly mapToRegistry   spec: 'latest',
12 silly mapToRegistry   type: 'tag' }
13 silly mapToRegistry uri https://registry.npmjs.org/angular-ui-router
14 verbose request uri https://registry.npmjs.org/angular-ui-router
15 verbose request no auth needed
16 info attempt registry request try #1 at 8:02:53 PM
17 verbose request id 5775f1a5e1041dfe
18 verbose etag W/"5847adcf-ca03"
19 verbose lastModified Wed, 07 Dec 2016 06:35:59 GMT
20 http request GET https://registry.npmjs.org/angular-ui-router
21 http 304 https://registry.npmjs.org/angular-ui-router
22 verbose headers { date: 'Wed, 28 Dec 2016 04:02:51 GMT',
22 verbose headers   via: '1.1 varnish',
22 verbose headers   'cache-control': 'max-age=300',
22 verbose headers   etag: 'W/"5847adcf-ca03"',
22 verbose headers   age: '165',
22 verbose headers   connection: 'keep-alive',
22 verbose headers   'x-served-by': 'cache-sea1927-SEA',
22 verbose headers   'x-cache': 'HIT',
22 verbose headers   'x-cache-hits': '5',
22 verbose headers   'x-timer': 'S1482897771.969128,VS0,VE0',
22 verbose headers   vary: 'Accept-Encoding' }
23 silly get cb [ 304,
23 silly get   { date: 'Wed, 28 Dec 2016 04:02:51 GMT',
23 silly get     via: '1.1 varnish',
23 silly get     'cache-control': 'max-age=300',
23 silly get     etag: 'W/"5847adcf-ca03"',
23 silly get     age: '165',
23 silly get     connection: 'keep-alive',
23 silly get     'x-served-by': 'cache-sea1927-SEA',
23 silly get     'x-cache': 'HIT',
23 silly get     'x-cache-hits': '5',
23 silly get     'x-timer': 'S1482897771.969128,VS0,VE0',
23 silly get     vary: 'Accept-Encoding' } ]
24 verbose etag https://registry.npmjs.org/angular-ui-router from cache
25 verbose get saving angular-ui-router to C:\Users\Nathan Pickard\AppData\Roaming\npm-cache\registry.npmjs.org\angular-ui-router\.cache.json
26 verbose correctMkdir C:\Users\Nathan Pickard\AppData\Roaming\npm-cache correctMkdir not in flight; initializing
27 silly pickManifestFromRegistryMetadata spec 1.0.0-beta3 tag latest versions [ '0.2.7',
27 silly pickManifestFromRegistryMetadata   '0.2.8',
27 silly pickManifestFromRegistryMetadata   '0.2.10',
27 silly pickManifestFromRegistryMetadata   '0.2.11',
27 silly pickManifestFromRegistryMetadata   '0.2.13',
27 silly pickManifestFromRegistryMetadata   '0.2.14',
27 silly pickManifestFromRegistryMetadata   '0.2.15',
27 silly pickManifestFromRegistryMetadata   '0.2.16',
27 silly pickManifestFromRegistryMetadata   '0.2.17',
27 silly pickManifestFromRegistryMetadata   '0.2.18',
27 silly pickManifestFromRegistryMetadata   '1.0.0-alpha.1',
27 silly pickManifestFromRegistryMetadata   '1.0.0-alpha.2',
27 silly pickManifestFromRegistryMetadata   '1.0.0-alpha.3',
27 silly pickManifestFromRegistryMetadata   '1.0.0-alpha.4',
27 silly pickManifestFromRegistryMetadata   '1.0.0-alpha.5',
27 silly pickManifestFromRegistryMetadata   '0.3.0',
27 silly pickManifestFromRegistryMetadata   '0.3.1',
27 silly pickManifestFromRegistryMetadata   '1.0.0-beta.1',
27 silly pickManifestFromRegistryMetadata   '1.0.0-beta.2',
27 silly pickManifestFromRegistryMetadata   '1.0.0-beta.3',
27 silly pickManifestFromRegistryMetadata   '0.3.2' ]
28 silly fetchNamedPackageData No valid target from cache, forcing network
29 verbose request uri https://registry.npmjs.org/angular-ui-router
30 verbose request no auth needed
31 info attempt registry request try #1 at 8:02:53 PM
32 http request GET https://registry.npmjs.org/angular-ui-router
33 http 200 https://registry.npmjs.org/angular-ui-router
34 verbose headers { server: 'nginx/1.10.1',
34 verbose headers   'content-type': 'application/json',
34 verbose headers   'last-modified': 'Wed, 07 Dec 2016 06:35:59 GMT',
34 verbose headers   etag: 'W/"5847adcf-ca03"',
34 verbose headers   'content-encoding': 'gzip',
34 verbose headers   'cache-control': 'max-age=300',
34 verbose headers   'content-length': '7311',
34 verbose headers   'accept-ranges': 'bytes',
34 verbose headers   date: 'Wed, 28 Dec 2016 04:02:52 GMT',
34 verbose headers   via: '1.1 varnish',
34 verbose headers   age: '165',
34 verbose headers   connection: 'keep-alive',
34 verbose headers   'x-served-by': 'cache-sea1927-SEA',
34 verbose headers   'x-cache': 'HIT',
34 verbose headers   'x-cache-hits': '6',
34 verbose headers   'x-timer': 'S1482897772.014804,VS0,VE0',
34 verbose headers   vary: 'Accept-Encoding' }
35 silly get cb [ 200,
35 silly get   { server: 'nginx/1.10.1',
35 silly get     'content-type': 'application/json',
35 silly get     'last-modified': 'Wed, 07 Dec 2016 06:35:59 GMT',
35 silly get     etag: 'W/"5847adcf-ca03"',
35 silly get     'content-encoding': 'gzip',
35 silly get     'cache-control': 'max-age=300',
35 silly get     'content-length': '7311',
35 silly get     'accept-ranges': 'bytes',
35 silly get     date: 'Wed, 28 Dec 2016 04:02:52 GMT',
35 silly get     via: '1.1 varnish',
35 silly get     age: '165',
35 silly get     connection: 'keep-alive',
35 silly get     'x-served-by': 'cache-sea1927-SEA',
35 silly get     'x-cache': 'HIT',
35 silly get     'x-cache-hits': '6',
35 silly get     'x-timer': 'S1482897772.014804,VS0,VE0',
35 silly get     vary: 'Accept-Encoding' } ]
36 verbose get saving angular-ui-router to C:\Users\Nathan Pickard\AppData\Roaming\npm-cache\registry.npmjs.org\angular-ui-router\.cache.json
37 verbose correctMkdir C:\Users\Nathan Pickard\AppData\Roaming\npm-cache correctMkdir not in flight; initializing
38 silly pickManifestFromRegistryMetadata spec 1.0.0-beta3 tag latest versions [ '0.2.7',
38 silly pickManifestFromRegistryMetadata   '0.2.8',
38 silly pickManifestFromRegistryMetadata   '0.2.10',
38 silly pickManifestFromRegistryMetadata   '0.2.11',
38 silly pickManifestFromRegistryMetadata   '0.2.13',
38 silly pickManifestFromRegistryMetadata   '0.2.14',
38 silly pickManifestFromRegistryMetadata   '0.2.15',
38 silly pickManifestFromRegistryMetadata   '0.2.16',
38 silly pickManifestFromRegistryMetadata   '0.2.17',
38 silly pickManifestFromRegistryMetadata   '0.2.18',
38 silly pickManifestFromRegistryMetadata   '1.0.0-alpha.1',
38 silly pickManifestFromRegistryMetadata   '1.0.0-alpha.2',
38 silly pickManifestFromRegistryMetadata   '1.0.0-alpha.3',
38 silly pickManifestFromRegistryMetadata   '1.0.0-alpha.4',
38 silly pickManifestFromRegistryMetadata   '1.0.0-alpha.5',
38 silly pickManifestFromRegistryMetadata   '0.3.0',
38 silly pickManifestFromRegistryMetadata   '0.3.1',
38 silly pickManifestFromRegistryMetadata   '1.0.0-beta.1',
38 silly pickManifestFromRegistryMetadata   '1.0.0-beta.2',
38 silly pickManifestFromRegistryMetadata   '1.0.0-beta.3',
38 silly pickManifestFromRegistryMetadata   '0.3.2' ]
39 silly fetchPackageMetaData Error: No compatible version found: angular-ui-router@1.0.0-beta3
39 silly fetchPackageMetaData Valid install targets:
39 silly fetchPackageMetaData 0.2.7, 0.2.8, 0.2.10, 0.2.11, 0.2.13, 0.2.14, 0.2.15, 0.2.16, 0.2.17, 0.2.18, 1.0.0-alpha.1, 1.0.0-alpha.2, 1.0.0-alpha.3, 1.0.0-alpha.4, 1.0.0-alpha.5, 0.3.0, 0.3.1, 1.0.0-beta.1, 1.0.0-beta.2, 1.0.0-beta.3, 0.3.2
39 silly fetchPackageMetaData
39 silly fetchPackageMetaData     at pickVersionFromRegistryDocument (C:\Users\Nathan Pickard\AppData\Roaming\npm\node_modules\npm\lib\fetch-package-metadata.js:158:16)
39 silly fetchPackageMetaData     at C:\Users\Nathan Pickard\AppData\Roaming\npm\node_modules\npm\node_modules\iferr\index.js:13:50
39 silly fetchPackageMetaData     at C:\Users\Nathan Pickard\AppData\Roaming\npm\node_modules\npm\lib\utils\pulse-till-done.js:20:8
39 silly fetchPackageMetaData     at saved (C:\Users\Nathan Pickard\AppData\Roaming\npm\node_modules\npm\lib\cache\caching-client.js:174:7)
39 silly fetchPackageMetaData     at C:\Users\Nathan Pickard\AppData\Roaming\npm\node_modules\npm\node_modules\graceful-fs\polyfills.js:261:18
39 silly fetchPackageMetaData     at FSReqWrap.oncomplete (fs.js:123:15)
39 silly fetchPackageMetaData  error for angular-ui-router@1.0.0-beta3 { Error: No compatible version found: angular-ui-router@1.0.0-beta3
39 silly fetchPackageMetaData Valid install targets:
39 silly fetchPackageMetaData 0.2.7, 0.2.8, 0.2.10, 0.2.11, 0.2.13, 0.2.14, 0.2.15, 0.2.16, 0.2.17, 0.2.18, 1.0.0-alpha.1, 1.0.0-alpha.2, 1.0.0-alpha.3, 1.0.0-alpha.4, 1.0.0-alpha.5, 0.3.0, 0.3.1, 1.0.0-beta.1, 1.0.0-beta.2, 1.0.0-beta.3, 0.3.2
39 silly fetchPackageMetaData
39 silly fetchPackageMetaData     at pickVersionFromRegistryDocument (C:\Users\Nathan Pickard\AppData\Roaming\npm\node_modules\npm\lib\fetch-package-metadata.js:158:16)
39 silly fetchPackageMetaData     at C:\Users\Nathan Pickard\AppData\Roaming\npm\node_modules\npm\node_modules\iferr\index.js:13:50
39 silly fetchPackageMetaData     at C:\Users\Nathan Pickard\AppData\Roaming\npm\node_modules\npm\lib\utils\pulse-till-done.js:20:8
39 silly fetchPackageMetaData     at saved (C:\Users\Nathan Pickard\AppData\Roaming\npm\node_modules\npm\lib\cache\caching-client.js:174:7)
39 silly fetchPackageMetaData     at C:\Users\Nathan Pickard\AppData\Roaming\npm\node_modules\npm\node_modules\graceful-fs\polyfills.js:261:18
39 silly fetchPackageMetaData     at FSReqWrap.oncomplete (fs.js:123:15) code: 'ETARGET' }
40 silly rollbackFailedOptional Starting
41 silly rollbackFailedOptional Finishing
42 silly runTopLevelLifecycles Finishing
43 silly install printInstalled
44 verbose stack Error: No compatible version found: angular-ui-router@1.0.0-beta3
44 verbose stack Valid install targets:
44 verbose stack 0.2.7, 0.2.8, 0.2.10, 0.2.11, 0.2.13, 0.2.14, 0.2.15, 0.2.16, 0.2.17, 0.2.18, 1.0.0-alpha.1, 1.0.0-alpha.2, 1.0.0-alpha.3, 1.0.0-alpha.4, 1.0.0-alpha.5, 0.3.0, 0.3.1, 1.0.0-beta.1, 1.0.0-beta.2, 1.0.0-beta.3, 0.3.2
44 verbose stack
44 verbose stack     at pickVersionFromRegistryDocument (C:\Users\Nathan Pickard\AppData\Roaming\npm\node_modules\npm\lib\fetch-package-metadata.js:158:16)
44 verbose stack     at C:\Users\Nathan Pickard\AppData\Roaming\npm\node_modules\npm\node_modules\iferr\index.js:13:50
44 verbose stack     at C:\Users\Nathan Pickard\AppData\Roaming\npm\node_modules\npm\lib\utils\pulse-till-done.js:20:8
44 verbose stack     at saved (C:\Users\Nathan Pickard\AppData\Roaming\npm\node_modules\npm\lib\cache\caching-client.js:174:7)
44 verbose stack     at C:\Users\Nathan Pickard\AppData\Roaming\npm\node_modules\npm\node_modules\graceful-fs\polyfills.js:261:18
44 verbose stack     at FSReqWrap.oncomplete (fs.js:123:15)
45 verbose cwd C:\Users\Nathan Pickard\Code-401-repos\Dec-7-Services-HTTP\LAB\image-gallery
46 error Windows_NT 10.0.14393
47 error argv "C:\\Program Files\\nodejs\\node.exe" "C:\\Users\\Nathan Pickard\\AppData\\Roaming\\npm\\node_modules\\npm\\bin\\npm-cli.js" "i" "angular-ui-router@1.0.0-beta3" "-S"
48 error node v6.8.1
49 error npm  v4.1.1
50 error code ETARGET
51 error notarget No compatible version found: angular-ui-router@1.0.0-beta3
51 error notarget Valid install targets:
51 error notarget 0.2.7, 0.2.8, 0.2.10, 0.2.11, 0.2.13, 0.2.14, 0.2.15, 0.2.16, 0.2.17, 0.2.18, 1.0.0-alpha.1, 1.0.0-alpha.2, 1.0.0-alpha.3, 1.0.0-alpha.4, 1.0.0-alpha.5, 0.3.0, 0.3.1, 1.0.0-beta.1, 1.0.0-beta.2, 1.0.0-beta.3, 0.3.2
52 error notarget This is most likely not a problem with npm itself.
52 error notarget In most cases you or one of your dependencies are requesting
52 error notarget a package version that doesn't exist.
53 verbose exit [ 1, true ]
