0 info it worked if it ends with ok
1 verbose cli [ '/Users/araldicm/.node/bin/node',
1 verbose cli   '/Users/araldicm/.node/bin/npm',
1 verbose cli   'run',
1 verbose cli   'test' ]
2 info using npm@3.10.8
3 info using node@v6.8.1
4 verbose run-script [ 'pretest', 'test', 'posttest' ]
5 info lifecycle app@1.0.0~pretest: app@1.0.0
6 verbose lifecycle app@1.0.0~pretest: unsafe-perm in lifecycle true
7 verbose lifecycle app@1.0.0~pretest: PATH: /Users/araldicm/.node/lib/node_modules/npm/bin/node-gyp-bin:/Users/araldicm/codefellows/401/lab-assignments/image-gallery/app/node_modules/.bin:/Users/araldicm/.node/bin:/usr/local/bin:/usr/bin:/bin:/usr/sbin:/sbin:/Users/araldicm/mongodb/bin
8 verbose lifecycle app@1.0.0~pretest: CWD: /Users/araldicm/codefellows/401/lab-assignments/image-gallery/app
9 silly lifecycle app@1.0.0~pretest: Args: [ '-c', 'npm run lint' ]
10 silly lifecycle app@1.0.0~pretest: Returned: code: 0  signal: null
11 info lifecycle app@1.0.0~test: app@1.0.0
12 verbose lifecycle app@1.0.0~test: unsafe-perm in lifecycle true
13 verbose lifecycle app@1.0.0~test: PATH: /Users/araldicm/.node/lib/node_modules/npm/bin/node-gyp-bin:/Users/araldicm/codefellows/401/lab-assignments/image-gallery/app/node_modules/.bin:/Users/araldicm/.node/bin:/usr/local/bin:/usr/bin:/bin:/usr/sbin:/sbin:/Users/araldicm/mongodb/bin
14 verbose lifecycle app@1.0.0~test: CWD: /Users/araldicm/codefellows/401/lab-assignments/image-gallery/app
15 silly lifecycle app@1.0.0~test: Args: [ '-c', 'karma start --single-run' ]
16 silly lifecycle app@1.0.0~test: Returned: code: 1  signal: null
17 info lifecycle app@1.0.0~test: Failed to exec test script
18 verbose stack Error: app@1.0.0 test: `karma start --single-run`
18 verbose stack Exit status 1
18 verbose stack     at EventEmitter.<anonymous> (/Users/araldicm/.node/lib/node_modules/npm/lib/utils/lifecycle.js:255:16)
18 verbose stack     at emitTwo (events.js:106:13)
18 verbose stack     at EventEmitter.emit (events.js:191:7)
18 verbose stack     at ChildProcess.<anonymous> (/Users/araldicm/.node/lib/node_modules/npm/lib/utils/spawn.js:40:14)
18 verbose stack     at emitTwo (events.js:106:13)
18 verbose stack     at ChildProcess.emit (events.js:191:7)
18 verbose stack     at maybeClose (internal/child_process.js:877:16)
18 verbose stack     at Process.ChildProcess._handle.onexit (internal/child_process.js:226:5)
19 verbose pkgid app@1.0.0
20 verbose cwd /Users/araldicm/codefellows/401/lab-assignments/image-gallery/app
21 error Darwin 15.2.0
22 error argv "/Users/araldicm/.node/bin/node" "/Users/araldicm/.node/bin/npm" "run" "test"
23 error node v6.8.1
24 error npm  v3.10.8
25 error code ELIFECYCLE
26 error app@1.0.0 test: `karma start --single-run`
26 error Exit status 1
27 error Failed at the app@1.0.0 test script 'karma start --single-run'.
27 error Make sure you have the latest version of node.js and npm installed.
27 error If you do, this is most likely a problem with the app package,
27 error not with npm itself.
27 error Tell the author that this fails on your system:
27 error     karma start --single-run
27 error You can get information on how to open an issue for this project with:
27 error     npm bugs app
27 error Or if that isn't available, you can get their info via:
27 error     npm owner ls app
27 error There is likely additional logging output above.
28 verbose exit [ 1, true ]
