0 info it worked if it ends with ok
1 verbose cli [ '/Users/risafletcher/.node/bin/node',
1 verbose cli   '/Users/risafletcher/.node/bin/npm',
1 verbose cli   'run',
1 verbose cli   'test' ]
2 info using npm@3.10.8
3 info using node@v6.8.1
4 verbose run-script [ 'pretest', 'test', 'posttest' ]
5 info lifecycle server@1.0.0~pretest: server@1.0.0
6 silly lifecycle server@1.0.0~pretest: no script for pretest, continuing
7 info lifecycle server@1.0.0~test: server@1.0.0
8 verbose lifecycle server@1.0.0~test: unsafe-perm in lifecycle true
9 verbose lifecycle server@1.0.0~test: PATH: /Users/risafletcher/.node/lib/node_modules/npm/bin/node-gyp-bin:/Users/risafletcher/codefellows/401/labs/image-gallery/server/node_modules/.bin:/Users/risafletcher/.node/bin:/Users/risafletcher/.node/bin:/usr/local/bin:/usr/bin:/bin:/usr/sbin:/sbin:/opt/X11/bin:/Users/risafletcher/mongodb/bin
10 verbose lifecycle server@1.0.0~test: CWD: /Users/risafletcher/codefellows/401/labs/image-gallery/server
11 silly lifecycle server@1.0.0~test: Args: [ '-c', 'MONGODB_URI=mongodb://localhost:images-test mocha' ]
12 silly lifecycle server@1.0.0~test: Returned: code: 1  signal: null
13 info lifecycle server@1.0.0~test: Failed to exec test script
14 verbose stack Error: server@1.0.0 test: `MONGODB_URI=mongodb://localhost:images-test mocha`
14 verbose stack Exit status 1
14 verbose stack     at EventEmitter.<anonymous> (/Users/risafletcher/.node/lib/node_modules/npm/lib/utils/lifecycle.js:255:16)
14 verbose stack     at emitTwo (events.js:106:13)
14 verbose stack     at EventEmitter.emit (events.js:191:7)
14 verbose stack     at ChildProcess.<anonymous> (/Users/risafletcher/.node/lib/node_modules/npm/lib/utils/spawn.js:40:14)
14 verbose stack     at emitTwo (events.js:106:13)
14 verbose stack     at ChildProcess.emit (events.js:191:7)
14 verbose stack     at maybeClose (internal/child_process.js:877:16)
14 verbose stack     at Process.ChildProcess._handle.onexit (internal/child_process.js:226:5)
15 verbose pkgid server@1.0.0
16 verbose cwd /Users/risafletcher/codefellows/401/labs/image-gallery/server
17 error Darwin 16.1.0
18 error argv "/Users/risafletcher/.node/bin/node" "/Users/risafletcher/.node/bin/npm" "run" "test"
19 error node v6.8.1
20 error npm  v3.10.8
21 error code ELIFECYCLE
22 error server@1.0.0 test: `MONGODB_URI=mongodb://localhost:images-test mocha`
22 error Exit status 1
23 error Failed at the server@1.0.0 test script 'MONGODB_URI=mongodb://localhost:images-test mocha'.
23 error Make sure you have the latest version of node.js and npm installed.
23 error If you do, this is most likely a problem with the server package,
23 error not with npm itself.
23 error Tell the author that this fails on your system:
23 error     MONGODB_URI=mongodb://localhost:images-test mocha
23 error You can get information on how to open an issue for this project with:
23 error     npm bugs server
23 error Or if that isn't available, you can get their info via:
23 error     npm owner ls server
23 error There is likely additional logging output above.
24 verbose exit [ 1, true ]
